<?xml version="1.0" encoding="UTF-8"?>
<!-- Generated by org.testng.reporters.JUnitReportReporter -->
<testsuite hostname="DESKTOP-1U92PBD" failures="0" tests="1" name="TakescreenShot.screenSave" time="4.301" errors="0" timestamp="2022-12-26T21:00:29 CST" skipped="0">
  <testcase classname="TakescreenShot.screenSave" name="testCase1" time="4.301"/>
  <system-out/>
</testsuite> <!-- TakescreenShot.screenSave -->
